[ 2016-05-14T16:39:14+08:00 ] ::1 /watermelon/index.php/TopicComment/addComment/p/1/sort_type/time_up.html
ERR: 1146:Table 'watermelon.cl_topic_comment' doesn't exist
 [ SQL语句 ] : INSERT INTO `wt_topic_comment` (`topic_id`,`comment_id`,`content`,`sender`,`time`,`zan_count`) VALUES ('34','0','不存在？[:1f600:]','19','2016-05-14 16-39-14','0')

[ 2016-05-14T16:42:02+08:00 ] 127.0.0.1 /watermelon/index.php/TopicComment/addComment/p/1/sort_type/time_up.html
ERR: 1146:Table 'watermelon.cl_topic_comment' doesn't exist
 [ SQL语句 ] : INSERT INTO `wt_topic_comment` (`topic_id`,`comment_id`,`content`,`sender`,`time`,`zan_count`) VALUES ('34','0','你在逗我？','19','2016-05-14 16-42-02','0')

[ 2016-05-14T16:42:36+08:00 ] ::1 /watermelon/index.php/TopicComment/addComment/p/1/sort_type/time_up.html
ERR: 1146:Table 'watermelon.cl_topic_comment' doesn't exist
 [ SQL语句 ] : INSERT INTO `wt_topic_comment` (`topic_id`,`comment_id`,`content`,`sender`,`time`,`zan_count`) VALUES ('34','0','[:1f602:][:1f602:]','19','2016-05-14 16-42-36','0')

[ 2016-05-14T16:45:38+08:00 ] ::1 /watermelon/index.php/Topic/addTopicUpload
INFO: [ app_begin ] --START--
INFO: Run Behavior\ReadHtmlCacheBehavior [ RunTime:0.000968s ]
INFO: [ app_begin ] --END-- [ RunTime:0.002068s ]
INFO: [ app_end ] --START--
INFO: Run Behavior\ShowPageTraceBehavior [ RunTime:0.001028s ]
INFO: [ app_end ] --END-- [ RunTime:0.001137s ]

[ 2016-05-14T16:45:51+08:00 ] ::1 /watermelon/index.php/TopicComment/addComment/p/1/sort_type/time_up.html
ERR: 1146:Table 'watermelon.cl_topic_comment' doesn't exist
 [ SQL语句 ] : INSERT INTO `wt_topic_comment` (`topic_id`,`comment_id`,`content`,`sender`,`time`,`zan_count`) VALUES ('68','0','[:1f602:][:1f602:][:1f602:]','19','2016-05-14 16-45-51','0')

[ 2016-05-14T16:46:31+08:00 ] ::1 /watermelon/index.php/t/68.html
ERR: 1146:Table 'watermelon.wt_topic_comment' doesn't exist
 [ SQL语句 ] : SHOW COLUMNS FROM `wt_topic_comment`

[ 2016-05-14T16:46:55+08:00 ] ::1 /watermelon/index.php/TopicComment/addComment/p/1/sort_type/time_up.html
ERR: 1146:Table 'watermelon.cl_topic_comment' doesn't exist
 [ SQL语句 ] : INSERT INTO `wt_topic_comment` (`topic_id`,`comment_id`,`content`,`sender`,`time`,`zan_count`) VALUES ('68','0','[:1f602:][:1f602:]','19','2016-05-14 16-46-55','0')

[ 2016-05-14T17:07:38+08:00 ] ::1 /watermelon/index.php/Login/index.html?url=http://localhost:9096/watermelon/index.php/t/68.html
ERR: 无法加载控制器:Login

[ 2016-05-14T17:08:08+08:00 ] ::1 /watermelon/index.php/Login/index.html?url=http://localhost:9096/watermelon/index.php/t/68.html
ERR: 无法加载控制器:Login

[ 2016-05-14T17:08:42+08:00 ] ::1 /watermelon/index.php/TopicComment/addComment/p/1/sort_type/time_up.html
ERR: 1146:Table 'watermelon.cl_topic_comment' doesn't exist
 [ SQL语句 ] : INSERT INTO `wt_topic_comment` (`topic_id`,`comment_id`,`content`,`sender`,`time`,`zan_count`) VALUES ('68','0','[:1f602:][:1f602:]','2','2016-05-14 17-08-41','0')

[ 2016-05-14T17:10:52+08:00 ] ::1 /watermelon/index.php/TopicComment/addComment/p/1/sort_type/time_up.html
ERR: 1146:Table 'watermelon.cl_topic_comment' doesn't exist
 [ SQL语句 ] : INSERT INTO `wt_topic_comment` (`topic_id`,`comment_id`,`content`) VALUES ('68','0','？？？')

[ 2016-05-14T17:11:31+08:00 ] ::1 /watermelon/index.php/TopicComment/addComment/p/1/sort_type/time_up.html
ERR: 1146:Table 'watermelon.cl_topic_comment' doesn't exist
 [ SQL语句 ] : INSERT INTO `wt_topic_comment` (`topic_id`,`comment_id`,`content`) VALUES ('68','0','？？？')

[ 2016-05-14T17:12:17+08:00 ] ::1 /watermelon/index.php/TopicComment/addComment/p/1/sort_type/time_up.html
ERR: 1146:Table 'watermelon.cl_topic_comment' doesn't exist
 [ SQL语句 ] : INSERT INTO `wt_topic_comment` (`topic_id`,`comment_id`,`content`,`sender`,`time`,`zan_count`) VALUES ('68','0','？？？','2','2016-05-14 17-12-17','0')

[ 2016-05-14T17:12:37+08:00 ] ::1 /watermelon/index.php/TopicComment/addComment/p/1/sort_type/time_up.html
ERR: 1146:Table 'watermelon.cl_topic_comment' doesn't exist
 [ SQL语句 ] : INSERT INTO `wt_topic_comment` (`topic_id`,`comment_id`,`content`,`sender`,`time`,`zan_count`) VALUES ('68','0','？？？','2','2016-05-14 17-12-37','0')

[ 2016-05-14T17:16:07+08:00 ] ::1 /watermelon/index.php/TopicComment/addComment/p/1/sort_type/time_up.html
ERR: 1146:Table 'watermelon.cl_topic_comment' doesn't exist
 [ SQL语句 ] : INSERT INTO `wt_topic_comment` (`content`,`topic_id`,`comment_id`,`sender`,`time`,`zan_count`) VALUES ('？？','68','0','2','2016-05-14 17-16-06','0')

[ 2016-05-14T17:25:27+08:00 ] ::1 /watermelon/index.php/TopicZan/AjaxZan
INFO: [ app_begin ] --START--
INFO: Run Behavior\ReadHtmlCacheBehavior [ RunTime:0.000788s ]
INFO: [ app_begin ] --END-- [ RunTime:0.001343s ]
SQL: SHOW COLUMNS FROM `wt_topic_zan` [ RunTime:0.0114s ]
SQL: SELECT `id`,`delete_tag` FROM `wt_topic_zan` WHERE `user_id` = 2 AND `zan_id` = 498 AND `type` = 2  [ RunTime:0.0006s ]
SQL: INSERT INTO `wt_topic_zan` (`zan_id`,`user_id`,`type`,`delete_tag`) VALUES ('498','2','2','') [ RunTime:0.0009s ]
SQL: SHOW COLUMNS FROM `wt_message` [ RunTime:0.0517s ]
SQL: SHOW COLUMNS FROM `wt_topic_comment` [ RunTime:0.0079s ]
SQL: SELECT `sender` FROM `wt_topic_comment` WHERE `id` = 498 LIMIT 1   [ RunTime:0.0007s ]
SQL: UPDATE `wt_topic_comment` SET `zan_count`=zan_count+1 WHERE `id` = 498 [ RunTime:0.0005s ]
INFO: [ app_end ] --START--
INFO: Run Behavior\ShowPageTraceBehavior [ RunTime:0.001710s ]
INFO: [ app_end ] --END-- [ RunTime:0.001840s ]

[ 2016-05-14T17:26:31+08:00 ] ::1 /watermelon/index.php/Topic/detail/id/68/sort_type/time_up/p/1.html
ERR: 1146:Table 'watermelon.cl_login' doesn't exist
 [ SQL语句 ] : select id,icon,nickname,((select count(*) from cl_topic_zan where zan_id in( select id from cl_topic where user_id = l.id ) and type =1  and delete_tag = 0)+(select count(*) from cl_topic_zan where zan_id in( select id from cl_topic_comment where user_id = l.id) and type =2 and delete_tag = 0 )) count from cl_login l  order by count desc limit  10

[ 2016-05-14T17:28:58+08:00 ] ::1 /watermelon/index.php/Topic/detail/id/68/sort_type/time_up/p/1.html
ERR: 1146:Table 'watermelon.wt__login' doesn't exist
 [ SQL语句 ] : select id,icon,nickname,((select count(*) from wt_topic_zan where zan_id in( select id from wt__topic where user_id = l.id ) and type =1  and delete_tag = 0)+(select count(*) from wt__topic_zan where zan_id in( select id from wt__topic_comment where user_id = l.id) and type =2 and delete_tag = 0 )) count from wt__login l  order by count desc limit  10

[ 2016-05-14T17:29:25+08:00 ] ::1 /watermelon/index.php/Topic/detail/id/68/sort_type/time_up/p/1.html
ERR: 1146:Table 'watermelon.wt__topic' doesn't exist
 [ SQL语句 ] : select id,icon,nickname,((select count(*) from wt_topic_zan where zan_id in( select id from wt__topic where user_id = l.id ) and type =1  and delete_tag = 0)+(select count(*) from wt_topic_zan where zan_id in( select id from wt_topic_comment where user_id = l.id) and type =2 and delete_tag = 0 )) count from wt_login l  order by count desc limit  10

[ 2016-05-14T17:34:59+08:00 ] ::1 /watermelon/index.php/Topic/addTopicUpload
INFO: [ app_begin ] --START--
INFO: Run Behavior\ReadHtmlCacheBehavior [ RunTime:0.001136s ]
INFO: [ app_begin ] --END-- [ RunTime:0.002188s ]
INFO: [ app_end ] --START--
INFO: Run Behavior\ShowPageTraceBehavior [ RunTime:0.001740s ]
INFO: [ app_end ] --END-- [ RunTime:0.001842s ]

[ 2016-05-14T17:34:59+08:00 ] ::1 /watermelon/index.php/Topic/addTopicUpload
INFO: [ app_begin ] --START--
INFO: Run Behavior\ReadHtmlCacheBehavior [ RunTime:0.001269s ]
INFO: [ app_begin ] --END-- [ RunTime:0.002098s ]
INFO: [ app_end ] --START--
INFO: Run Behavior\ShowPageTraceBehavior [ RunTime:0.004335s ]
INFO: [ app_end ] --END-- [ RunTime:0.004441s ]

[ 2016-05-14T17:34:59+08:00 ] ::1 /watermelon/index.php/Topic/addTopicUpload
INFO: [ app_begin ] --START--
INFO: Run Behavior\ReadHtmlCacheBehavior [ RunTime:0.000896s ]
INFO: [ app_begin ] --END-- [ RunTime:0.001508s ]
INFO: [ app_end ] --START--
INFO: Run Behavior\ShowPageTraceBehavior [ RunTime:0.001188s ]
INFO: [ app_end ] --END-- [ RunTime:0.001270s ]

[ 2016-05-14T17:34:59+08:00 ] ::1 /watermelon/index.php/Topic/addTopicUpload
INFO: [ app_begin ] --START--
INFO: Run Behavior\ReadHtmlCacheBehavior [ RunTime:0.000878s ]
INFO: [ app_begin ] --END-- [ RunTime:0.001574s ]
INFO: [ app_end ] --START--
INFO: Run Behavior\ShowPageTraceBehavior [ RunTime:0.001290s ]
INFO: [ app_end ] --END-- [ RunTime:0.001383s ]

[ 2016-05-14T17:35:00+08:00 ] ::1 /watermelon/index.php/Topic/addTopicUpload
INFO: [ app_begin ] --START--
INFO: Run Behavior\ReadHtmlCacheBehavior [ RunTime:0.000797s ]
INFO: [ app_begin ] --END-- [ RunTime:0.001322s ]
INFO: [ app_end ] --START--
INFO: Run Behavior\ShowPageTraceBehavior [ RunTime:0.001062s ]
INFO: [ app_end ] --END-- [ RunTime:0.001163s ]

[ 2016-05-14T17:37:26+08:00 ] ::1 /watermelon/index.php/u/8
ERR: 无法加载控制器:U

[ 2016-05-14T18:47:49+08:00 ] ::1 /watermelon/index.php/TopicZan/AjaxZan
INFO: [ app_begin ] --START--
INFO: Run Behavior\ReadHtmlCacheBehavior [ RunTime:0.000513s ]
INFO: [ app_begin ] --END-- [ RunTime:0.000921s ]
SQL: SHOW COLUMNS FROM `wt_topic_zan` [ RunTime:0.0078s ]
SQL: SELECT `id`,`delete_tag` FROM `wt_topic_zan` WHERE `user_id` = 2 AND `zan_id` = 187 AND `type` = 2  [ RunTime:0.0004s ]
SQL: UPDATE `wt_topic_zan` SET `delete_tag`='1' WHERE ( id=41 ) [ RunTime:0.0681s ]
SQL: SHOW COLUMNS FROM `wt_topic_comment` [ RunTime:0.0090s ]
SQL: UPDATE `wt_topic_comment` SET `zan_count`=zan_count-1 WHERE `id` = 187 [ RunTime:0.0569s ]
INFO: [ app_end ] --START--
INFO: Run Behavior\ShowPageTraceBehavior [ RunTime:0.001553s ]
INFO: [ app_end ] --END-- [ RunTime:0.001704s ]

[ 2016-05-14T18:47:50+08:00 ] ::1 /watermelon/index.php/TopicZan/AjaxZan
INFO: [ app_begin ] --START--
INFO: Run Behavior\ReadHtmlCacheBehavior [ RunTime:0.000590s ]
INFO: [ app_begin ] --END-- [ RunTime:0.001078s ]
SQL: SHOW COLUMNS FROM `wt_topic_zan` [ RunTime:0.0123s ]
SQL: SELECT `id`,`delete_tag` FROM `wt_topic_zan` WHERE `user_id` = 2 AND `zan_id` = 187 AND `type` = 2  [ RunTime:0.0007s ]
SQL: UPDATE `wt_topic_zan` SET `delete_tag`='' WHERE ( id=41 ) [ RunTime:0.0006s ]
SQL: SHOW COLUMNS FROM `wt_topic_comment` [ RunTime:0.0462s ]
SQL: UPDATE `wt_topic_comment` SET `zan_count`=zan_count+1 WHERE `id` = 187 [ RunTime:0.0008s ]
INFO: [ app_end ] --START--
INFO: Run Behavior\ShowPageTraceBehavior [ RunTime:0.001927s ]
INFO: [ app_end ] --END-- [ RunTime:0.002070s ]

[ 2016-05-14T18:53:52+08:00 ] ::1 /watermelon/index.php/Collection/AjaxCollecting
INFO: [ app_begin ] --START--
INFO: Run Behavior\ReadHtmlCacheBehavior [ RunTime:0.000603s ]
INFO: [ app_begin ] --END-- [ RunTime:0.001026s ]
SQL: SHOW COLUMNS FROM `wt_collection` [ RunTime:0.0131s ]
SQL: SELECT `id`,`delete_tag` FROM `wt_collection` WHERE `type` = 2  [ RunTime:0.0008s ]
ERR: 1054:Unknown column 'collected' in 'field list'
 [ SQL语句 ] : INSERT INTO `wt_collection` (`collected`,`collecting`,`type`,`delete_tag`) VALUES ('41','2','2','')
ERR: 1054:Unknown column 'collected' in 'field list'
 [ SQL语句 ] : INSERT INTO `wt_collection` (`collected`,`collecting`,`type`,`delete_tag`) VALUES ('41','2','2','')

[ 2016-05-14T18:54:01+08:00 ] ::1 /watermelon/index.php/Collection/AjaxCollecting
INFO: [ app_begin ] --START--
INFO: Run Behavior\ReadHtmlCacheBehavior [ RunTime:0.000866s ]
INFO: [ app_begin ] --END-- [ RunTime:0.001617s ]
SQL: SHOW COLUMNS FROM `wt_collection` [ RunTime:0.0275s ]
SQL: SELECT `id`,`delete_tag` FROM `wt_collection` WHERE `type` = 2  [ RunTime:0.0008s ]
ERR: 1054:Unknown column 'collected' in 'field list'
 [ SQL语句 ] : INSERT INTO `wt_collection` (`collected`,`collecting`,`type`,`delete_tag`) VALUES ('41','2','2','')
ERR: 1054:Unknown column 'collected' in 'field list'
 [ SQL语句 ] : INSERT INTO `wt_collection` (`collected`,`collecting`,`type`,`delete_tag`) VALUES ('41','2','2','')

[ 2016-05-14T18:57:26+08:00 ] ::1 /watermelon/index.php/Collection/AjaxCollecting
INFO: [ app_begin ] --START--
INFO: Run Behavior\ReadHtmlCacheBehavior [ RunTime:0.001026s ]
INFO: [ app_begin ] --END-- [ RunTime:0.001809s ]
SQL: SHOW COLUMNS FROM `wt_collection` [ RunTime:0.0081s ]
SQL: SELECT `id`,`delete_tag` FROM `wt_collection` WHERE `other_id` = 41 AND `user_id` = 2 AND `type` = 1  [ RunTime:0.0004s ]
SQL: INSERT INTO `wt_collection` (`other_id`,`user_id`,`type`,`delete_tag`) VALUES ('41','2','1','') [ RunTime:0.0953s ]
INFO: [ app_end ] --START--
INFO: Run Behavior\ShowPageTraceBehavior [ RunTime:0.001910s ]
INFO: [ app_end ] --END-- [ RunTime:0.002051s ]

[ 2016-05-14T18:57:46+08:00 ] ::1 /watermelon/index.php/Collection/AjaxCollecting
INFO: [ app_begin ] --START--
INFO: Run Behavior\ReadHtmlCacheBehavior [ RunTime:0.000695s ]
INFO: [ app_begin ] --END-- [ RunTime:0.001366s ]
SQL: SHOW COLUMNS FROM `wt_collection` [ RunTime:0.0041s ]
SQL: SELECT `id`,`delete_tag` FROM `wt_collection` WHERE `other_id` = 41 AND `user_id` = 2 AND `type` = 1  [ RunTime:0.0004s ]
SQL: UPDATE `wt_collection` SET `delete_tag`='1' WHERE ( id=1 ) [ RunTime:0.0512s ]
INFO: [ app_end ] --START--
INFO: Run Behavior\ShowPageTraceBehavior [ RunTime:0.000969s ]
INFO: [ app_end ] --END-- [ RunTime:0.001033s ]

[ 2016-05-14T18:57:50+08:00 ] ::1 /watermelon/index.php/Collection/AjaxCollecting
INFO: [ app_begin ] --START--
INFO: Run Behavior\ReadHtmlCacheBehavior [ RunTime:0.000634s ]
INFO: [ app_begin ] --END-- [ RunTime:0.001111s ]
SQL: SHOW COLUMNS FROM `wt_collection` [ RunTime:0.0072s ]
SQL: SELECT `id`,`delete_tag` FROM `wt_collection` WHERE `other_id` = 41 AND `user_id` = 2 AND `type` = 1  [ RunTime:0.0003s ]
SQL: UPDATE `wt_collection` SET `delete_tag`='' WHERE ( id=1 ) [ RunTime:0.1107s ]
INFO: [ app_end ] --START--
INFO: Run Behavior\ShowPageTraceBehavior [ RunTime:0.001801s ]
INFO: [ app_end ] --END-- [ RunTime:0.001921s ]

[ 2016-05-14T18:58:12+08:00 ] ::1 /watermelon/index.php/TopicZan/AjaxZan
INFO: [ app_begin ] --START--
INFO: Run Behavior\ReadHtmlCacheBehavior [ RunTime:0.000515s ]
INFO: [ app_begin ] --END-- [ RunTime:0.000901s ]
SQL: SHOW COLUMNS FROM `wt_topic_zan` [ RunTime:0.0120s ]
SQL: SELECT `id`,`delete_tag` FROM `wt_topic_zan` WHERE `user_id` = 2 AND `zan_id` = 62 AND `type` = 2  [ RunTime:0.0007s ]
SQL: INSERT INTO `wt_topic_zan` (`zan_id`,`user_id`,`type`,`delete_tag`) VALUES ('62','2','2','') [ RunTime:0.0006s ]
SQL: SHOW COLUMNS FROM `wt_message` [ RunTime:0.0101s ]
SQL: SHOW COLUMNS FROM `wt_topic_comment` [ RunTime:0.0433s ]
SQL: SELECT `sender` FROM `wt_topic_comment` WHERE `id` = 62 LIMIT 1   [ RunTime:0.0004s ]
SQL: INSERT INTO `wt_message` (`type`,`user_id`,`content_id`,`time`) VALUES ('4','12','48','2016-05-14 18:58:12') [ RunTime:0.0005s ]
SQL: UPDATE `wt_topic_comment` SET `zan_count`=zan_count+1 WHERE `id` = 62 [ RunTime:0.0005s ]
INFO: [ app_end ] --START--
INFO: Run Behavior\ShowPageTraceBehavior [ RunTime:0.001730s ]
INFO: [ app_end ] --END-- [ RunTime:0.001868s ]

[ 2016-05-14T18:59:38+08:00 ] ::1 /watermelon/index.php/TopicZan/AjaxZan
INFO: [ app_begin ] --START--
INFO: Run Behavior\ReadHtmlCacheBehavior [ RunTime:0.000497s ]
INFO: [ app_begin ] --END-- [ RunTime:0.000909s ]
SQL: SHOW COLUMNS FROM `wt_topic_zan` [ RunTime:0.0076s ]
SQL: SELECT `id`,`delete_tag` FROM `wt_topic_zan` WHERE `user_id` = 2 AND `zan_id` = 66 AND `type` = 1  [ RunTime:0.0004s ]
SQL: INSERT INTO `wt_topic_zan` (`zan_id`,`user_id`,`type`,`delete_tag`) VALUES ('66','2','1','') [ RunTime:0.0003s ]
SQL: SHOW COLUMNS FROM `wt_message` [ RunTime:0.0041s ]
SQL: SHOW COLUMNS FROM `wt_topic` [ RunTime:0.0040s ]
SQL: SELECT `user_id` FROM `wt_topic` WHERE `id` = 66 LIMIT 1   [ RunTime:0.0003s ]
SQL: UPDATE `wt_topic` SET `zan_count`=zan_count+1 WHERE `id` = 66 [ RunTime:0.0003s ]
INFO: [ app_end ] --START--
INFO: Run Behavior\ShowPageTraceBehavior [ RunTime:0.000978s ]
INFO: [ app_end ] --END-- [ RunTime:0.001073s ]

[ 2016-05-14T19:01:11+08:00 ] ::1 /watermelon/index.php/TopicZan/AjaxZan
INFO: [ app_begin ] --START--
INFO: Run Behavior\ReadHtmlCacheBehavior [ RunTime:0.001184s ]
INFO: [ app_begin ] --END-- [ RunTime:0.001902s ]
SQL: SHOW COLUMNS FROM `wt_topic_zan` [ RunTime:0.0089s ]
SQL: SELECT `id`,`delete_tag` FROM `wt_topic_zan` WHERE `user_id` = 2 AND `zan_id` = 48 AND `type` = 1  [ RunTime:0.0004s ]
SQL: INSERT INTO `wt_topic_zan` (`zan_id`,`user_id`,`type`,`delete_tag`) VALUES ('48','2','1','') [ RunTime:0.0003s ]
SQL: SHOW COLUMNS FROM `wt_message` [ RunTime:0.0041s ]
SQL: SHOW COLUMNS FROM `wt_topic` [ RunTime:0.0446s ]
SQL: SELECT `user_id` FROM `wt_topic` WHERE `id` = 48 LIMIT 1   [ RunTime:0.0004s ]
SQL: INSERT INTO `wt_message` (`type`,`user_id`,`content_id`,`time`) VALUES ('3','12','50','2016-05-14 19:01:11') [ RunTime:0.0003s ]
SQL: UPDATE `wt_topic` SET `zan_count`=zan_count+1 WHERE `id` = 48 [ RunTime:0.0003s ]
INFO: [ app_end ] --START--
INFO: Run Behavior\ShowPageTraceBehavior [ RunTime:0.000820s ]
INFO: [ app_end ] --END-- [ RunTime:0.000890s ]

[ 2016-05-14T19:59:23+08:00 ] ::1 /watermelon/index.php/Login/login.html
ERR: Think\Model:login方法不存在！

[ 2016-05-14T19:59:44+08:00 ] ::1 /watermelon/index.php/Index/verify.html
ERR: 非法操作:verify

[ 2016-05-14T20:11:17+08:00 ] ::1 /watermelon/index.php/Login/login.html
ERR: Think\Model:login方法不存在！

[ 2016-05-14T20:14:16+08:00 ] ::1 /watermelon/index.php/Comment/addComment.html
INFO: [ app_begin ] --START--
INFO: Run Behavior\ReadHtmlCacheBehavior [ RunTime:0.000714s ]
INFO: [ app_begin ] --END-- [ RunTime:0.001198s ]
SQL: SHOW COLUMNS FROM `wt_comment` [ RunTime:0.0146s ]
SQL: SHOW COLUMNS FROM `wt_infomation` [ RunTime:0.0476s ]
SQL: UPDATE `wt_infomation` SET `comment_count`=comment_count+1 WHERE `id` = 3 [ RunTime:0.0008s ]
SQL: INSERT INTO `wt_comment` (`other_id`,`receiver`,`content`,`sender`,`type`,`time`) VALUES ('3','0','???','1','0','2016-05-14 20-14-16') [ RunTime:0.0007s ]

[ 2016-05-14T20:14:29+08:00 ] ::1 /watermelon/index.php/Comment/loading.html?page=2&id=3&type=2
INFO: [ app_begin ] --START--
INFO: Run Behavior\ReadHtmlCacheBehavior [ RunTime:0.000993s ]
INFO: [ app_begin ] --END-- [ RunTime:0.001597s ]
SQL: SHOW COLUMNS FROM `wt_comment` [ RunTime:0.0098s ]
SQL: SHOW COLUMNS FROM `wt_comment` [ RunTime:0.0106s ]
SQL: SELECT c.id id,c.time time,c.content content,s.icon sender_icon,s.nickname sender_nickname,s.id sender_id,r.nickname receiver_nickname,r.id receiver_id FROM wt_comment c left JOIN wt_login s on s.id = c.sender left JOIN wt_login r on r.id = c.receiver  WHERE ( c.type = 2 and c.other_id = 3 ) ORDER BY time desc LIMIT 4,4   [ RunTime:0.0015s ]

[ 2016-05-14T20:14:36+08:00 ] ::1 /watermelon/index.php/Comment/addComment.html
INFO: [ app_begin ] --START--
INFO: Run Behavior\ReadHtmlCacheBehavior [ RunTime:0.000842s ]
INFO: [ app_begin ] --END-- [ RunTime:0.002576s ]
SQL: SHOW COLUMNS FROM `wt_comment` [ RunTime:0.0112s ]
SQL: SHOW COLUMNS FROM `wt_infomation` [ RunTime:0.0110s ]
SQL: UPDATE `wt_infomation` SET `comment_count`=comment_count+1 WHERE `id` = 3 [ RunTime:0.0007s ]
SQL: INSERT INTO `wt_comment` (`other_id`,`receiver`,`content`,`sender`,`type`,`time`) VALUES ('3','0','???????','1','0','2016-05-14 20-14-36') [ RunTime:0.0006s ]

[ 2016-05-14T20:14:50+08:00 ] ::1 /watermelon/index.php/Comment/addComment.html
INFO: [ app_begin ] --START--
INFO: Run Behavior\ReadHtmlCacheBehavior [ RunTime:0.000656s ]
INFO: [ app_begin ] --END-- [ RunTime:0.001077s ]
SQL: SHOW COLUMNS FROM `wt_comment` [ RunTime:0.0139s ]
SQL: SHOW COLUMNS FROM `wt_infomation` [ RunTime:0.0536s ]
SQL: UPDATE `wt_infomation` SET `comment_count`=comment_count+1 WHERE `id` = 3 [ RunTime:0.0008s ]
SQL: INSERT INTO `wt_comment` (`other_id`,`receiver`,`content`,`sender`,`type`,`time`) VALUES ('3','0','sss','1','0','2016-05-14 20-14-49') [ RunTime:0.0006s ]

[ 2016-05-14T20:15:41+08:00 ] ::1 /watermelon/index.php/Comment/loading.html?page=2&id=3&type=2
INFO: [ app_begin ] --START--
INFO: Run Behavior\ReadHtmlCacheBehavior [ RunTime:0.000694s ]
INFO: [ app_begin ] --END-- [ RunTime:0.001238s ]
SQL: SHOW COLUMNS FROM `wt_comment` [ RunTime:0.0122s ]
SQL: SHOW COLUMNS FROM `wt_comment` [ RunTime:0.0100s ]
SQL: SELECT c.id id,c.time time,c.content content,s.icon sender_icon,s.nickname sender_nickname,s.id sender_id,r.nickname receiver_nickname,r.id receiver_id FROM wt_comment c left JOIN wt_login s on s.id = c.sender left JOIN wt_login r on r.id = c.receiver  WHERE ( c.type = 2 and c.other_id = 3 ) ORDER BY time desc LIMIT 4,4   [ RunTime:0.0015s ]

[ 2016-05-14T20:15:44+08:00 ] ::1 /watermelon/index.php/Comment/loading.html?page=3&id=3&type=2
INFO: [ app_begin ] --START--
INFO: Run Behavior\ReadHtmlCacheBehavior [ RunTime:0.000578s ]
INFO: [ app_begin ] --END-- [ RunTime:0.001109s ]
SQL: SHOW COLUMNS FROM `wt_comment` [ RunTime:0.0110s ]
SQL: SHOW COLUMNS FROM `wt_comment` [ RunTime:0.0095s ]
SQL: SELECT c.id id,c.time time,c.content content,s.icon sender_icon,s.nickname sender_nickname,s.id sender_id,r.nickname receiver_nickname,r.id receiver_id FROM wt_comment c left JOIN wt_login s on s.id = c.sender left JOIN wt_login r on r.id = c.receiver  WHERE ( c.type = 2 and c.other_id = 3 ) ORDER BY time desc LIMIT 8,4   [ RunTime:0.0015s ]

[ 2016-05-14T20:15:46+08:00 ] ::1 /watermelon/index.php/Comment/loading.html?page=4&id=3&type=2
INFO: [ app_begin ] --START--
INFO: Run Behavior\ReadHtmlCacheBehavior [ RunTime:0.000745s ]
INFO: [ app_begin ] --END-- [ RunTime:0.001252s ]
SQL: SHOW COLUMNS FROM `wt_comment` [ RunTime:0.0092s ]
SQL: SHOW COLUMNS FROM `wt_comment` [ RunTime:0.0106s ]
SQL: SELECT c.id id,c.time time,c.content content,s.icon sender_icon,s.nickname sender_nickname,s.id sender_id,r.nickname receiver_nickname,r.id receiver_id FROM wt_comment c left JOIN wt_login s on s.id = c.sender left JOIN wt_login r on r.id = c.receiver  WHERE ( c.type = 2 and c.other_id = 3 ) ORDER BY time desc LIMIT 12,4   [ RunTime:0.0014s ]

[ 2016-05-14T20:21:28+08:00 ] ::1 /watermelon/index.php/Comment/loading.html?page=2&id=3&type=2
INFO: [ app_begin ] --START--
INFO: Run Behavior\ReadHtmlCacheBehavior [ RunTime:0.000537s ]
INFO: [ app_begin ] --END-- [ RunTime:0.000934s ]
SQL: SHOW COLUMNS FROM `wt_comment` [ RunTime:0.0044s ]
SQL: SHOW COLUMNS FROM `wt_comment` [ RunTime:0.0046s ]
SQL: SELECT c.id id,c.time time,c.content content,s.icon sender_icon,s.nickname sender_nickname,s.id sender_id,r.nickname receiver_nickname,r.id receiver_id FROM wt_comment c left JOIN wt_login s on s.id = c.sender left JOIN wt_login r on r.id = c.receiver  WHERE ( c.type = 2 and c.other_id = 3 ) ORDER BY time desc LIMIT 4,4   [ RunTime:0.0006s ]

[ 2016-05-14T20:21:34+08:00 ] ::1 /watermelon/index.php/Comment/addComment.html
INFO: [ app_begin ] --START--
INFO: Run Behavior\ReadHtmlCacheBehavior [ RunTime:0.000686s ]
INFO: [ app_begin ] --END-- [ RunTime:0.001095s ]
SQL: SHOW COLUMNS FROM `wt_comment` [ RunTime:0.0102s ]
SQL: SHOW COLUMNS FROM `wt_infomation` [ RunTime:0.0096s ]
SQL: UPDATE `wt_infomation` SET `comment_count`=comment_count+1 WHERE `id` = 3 [ RunTime:0.0007s ]
SQL: INSERT INTO `wt_comment` (`other_id`,`receiver`,`content`,`sender`,`type`,`time`) VALUES ('3','6','过日期','1','2','2016-05-14 20-21-34') [ RunTime:0.0006s ]
SQL: SHOW COLUMNS FROM `wt_message` [ RunTime:0.0107s ]
SQL: INSERT INTO `wt_message` (`user_id`,`state`,`type`,`time`,`content_id`) VALUES ('6','','4','2016-05-14 20-21-34','222') [ RunTime:0.0007s ]

[ 2016-05-14T20:23:13+08:00 ] ::1 /watermelon/index.php/Index/verify.html
ERR: 非法操作:verify

[ 2016-05-14T20:23:44+08:00 ] ::1 /watermelon/index.php/Index/verify.html
ERR: 非法操作:verify

[ 2016-05-14T20:23:59+08:00 ] ::1 /watermelon/index.php/Login/nickname_check.html?nickname=
INFO: [ app_begin ] --START--
INFO: Run Behavior\ReadHtmlCacheBehavior [ RunTime:0.001102s ]
INFO: [ app_begin ] --END-- [ RunTime:0.001594s ]
SQL: SHOW COLUMNS FROM `wt_login` [ RunTime:0.0104s ]
SQL: SELECT COUNT(*) AS tp_count FROM `wt_login` WHERE `nickname` = '' LIMIT 1   [ RunTime:0.0008s ]
INFO: [ app_end ] --START--
INFO: Run Behavior\ShowPageTraceBehavior [ RunTime:0.001496s ]
INFO: [ app_end ] --END-- [ RunTime:0.001593s ]

[ 2016-05-14T20:31:34+08:00 ] ::1 /watermelon/index.php/Login/check.html
INFO: [ app_begin ] --START--
INFO: Run Behavior\ReadHtmlCacheBehavior [ RunTime:0.000631s ]
INFO: [ app_begin ] --END-- [ RunTime:0.001135s ]
SQL: SHOW COLUMNS FROM `wt_login` [ RunTime:0.0122s ]
SQL: SELECT COUNT(*) AS tp_count FROM `wt_login` LIMIT 1   [ RunTime:0.0005s ]
INFO: [ app_end ] --START--
INFO: Run Behavior\ShowPageTraceBehavior [ RunTime:0.001299s ]
INFO: [ app_end ] --END-- [ RunTime:0.001407s ]

[ 2016-05-14T20:31:36+08:00 ] ::1 /watermelon/index.php/Login/nickname_check.html?nickname=
INFO: [ app_begin ] --START--
INFO: Run Behavior\ReadHtmlCacheBehavior [ RunTime:0.000601s ]
INFO: [ app_begin ] --END-- [ RunTime:0.001554s ]
SQL: SHOW COLUMNS FROM `wt_login` [ RunTime:0.0102s ]
SQL: SELECT COUNT(*) AS tp_count FROM `wt_login` WHERE `nickname` = '' LIMIT 1   [ RunTime:0.0006s ]
INFO: [ app_end ] --START--
INFO: Run Behavior\ShowPageTraceBehavior [ RunTime:0.001525s ]
INFO: [ app_end ] --END-- [ RunTime:0.001623s ]

[ 2016-05-14T20:31:40+08:00 ] ::1 /watermelon/index.php/Login/check.html
INFO: [ app_begin ] --START--
INFO: Run Behavior\ReadHtmlCacheBehavior [ RunTime:0.000531s ]
INFO: [ app_begin ] --END-- [ RunTime:0.001029s ]
SQL: SHOW COLUMNS FROM `wt_login` [ RunTime:0.0043s ]
SQL: SELECT COUNT(*) AS tp_count FROM `wt_login` LIMIT 1   [ RunTime:0.0003s ]
INFO: [ app_end ] --START--
INFO: Run Behavior\ShowPageTraceBehavior [ RunTime:0.000810s ]
INFO: [ app_end ] --END-- [ RunTime:0.000867s ]

[ 2016-05-14T20:31:52+08:00 ] ::1 /watermelon/index.php/Login/check.html
INFO: [ app_begin ] --START--
INFO: Run Behavior\ReadHtmlCacheBehavior [ RunTime:0.000816s ]
INFO: [ app_begin ] --END-- [ RunTime:0.001432s ]
SQL: SHOW COLUMNS FROM `wt_login` [ RunTime:0.0053s ]
SQL: SELECT COUNT(*) AS tp_count FROM `wt_login` LIMIT 1   [ RunTime:0.0003s ]
INFO: [ app_end ] --START--
INFO: Run Behavior\ShowPageTraceBehavior [ RunTime:0.000766s ]
INFO: [ app_end ] --END-- [ RunTime:0.000807s ]

[ 2016-05-14T20:31:57+08:00 ] ::1 /watermelon/index.php/Login/check.html
INFO: [ app_begin ] --START--
INFO: Run Behavior\ReadHtmlCacheBehavior [ RunTime:0.001887s ]
INFO: [ app_begin ] --END-- [ RunTime:0.003334s ]
SQL: SHOW COLUMNS FROM `wt_login` [ RunTime:0.0592s ]
SQL: SELECT COUNT(*) AS tp_count FROM `wt_login` LIMIT 1   [ RunTime:0.0011s ]
INFO: [ app_end ] --START--
INFO: Run Behavior\ShowPageTraceBehavior [ RunTime:0.002110s ]
INFO: [ app_end ] --END-- [ RunTime:0.002409s ]

[ 2016-05-14T20:32:02+08:00 ] ::1 /watermelon/index.php/Login/check.html
INFO: [ app_begin ] --START--
INFO: Run Behavior\ReadHtmlCacheBehavior [ RunTime:0.000575s ]
INFO: [ app_begin ] --END-- [ RunTime:0.001016s ]
SQL: SHOW COLUMNS FROM `wt_login` [ RunTime:0.0052s ]
SQL: SELECT COUNT(*) AS tp_count FROM `wt_login` LIMIT 1   [ RunTime:0.0003s ]
INFO: [ app_end ] --START--
INFO: Run Behavior\ShowPageTraceBehavior [ RunTime:0.000714s ]
INFO: [ app_end ] --END-- [ RunTime:0.000753s ]

[ 2016-05-14T20:32:03+08:00 ] ::1 /watermelon/index.php/Login/nickname_check.html?nickname=
INFO: [ app_begin ] --START--
INFO: Run Behavior\ReadHtmlCacheBehavior [ RunTime:0.001433s ]
INFO: [ app_begin ] --END-- [ RunTime:0.002663s ]
SQL: SHOW COLUMNS FROM `wt_login` [ RunTime:0.0077s ]
SQL: SELECT COUNT(*) AS tp_count FROM `wt_login` WHERE `nickname` = '' LIMIT 1   [ RunTime:0.0004s ]
INFO: [ app_end ] --START--
INFO: Run Behavior\ShowPageTraceBehavior [ RunTime:0.000909s ]
INFO: [ app_end ] --END-- [ RunTime:0.000963s ]

[ 2016-05-14T20:34:04+08:00 ] ::1 /watermelon/index.php/Login/nickname_check.html?nickname=
INFO: [ app_begin ] --START--
INFO: Run Behavior\ReadHtmlCacheBehavior [ RunTime:0.001020s ]
INFO: [ app_begin ] --END-- [ RunTime:0.001898s ]
SQL: SHOW COLUMNS FROM `wt_login` [ RunTime:0.0517s ]
SQL: SELECT COUNT(*) AS tp_count FROM `wt_login` WHERE `nickname` = '' LIMIT 1   [ RunTime:0.0004s ]
INFO: [ app_end ] --START--
INFO: Run Behavior\ShowPageTraceBehavior [ RunTime:0.000978s ]
INFO: [ app_end ] --END-- [ RunTime:0.001029s ]

[ 2016-05-14T20:34:05+08:00 ] ::1 /watermelon/index.php/Login/check.html
INFO: [ app_begin ] --START--
INFO: Run Behavior\ReadHtmlCacheBehavior [ RunTime:0.000790s ]
INFO: [ app_begin ] --END-- [ RunTime:0.001366s ]
SQL: SHOW COLUMNS FROM `wt_login` [ RunTime:0.0154s ]
SQL: SELECT COUNT(*) AS tp_count FROM `wt_login` WHERE `tel` = '18380441225' LIMIT 1   [ RunTime:0.0007s ]
INFO: [ app_end ] --START--
INFO: Run Behavior\ShowPageTraceBehavior [ RunTime:0.001637s ]
INFO: [ app_end ] --END-- [ RunTime:0.001766s ]

[ 2016-05-14T20:34:11+08:00 ] ::1 /watermelon/index.php/Login/nickname_check.html?nickname=11
INFO: [ app_begin ] --START--
INFO: Run Behavior\ReadHtmlCacheBehavior [ RunTime:0.000948s ]
INFO: [ app_begin ] --END-- [ RunTime:0.001638s ]
SQL: SHOW COLUMNS FROM `wt_login` [ RunTime:0.0115s ]
SQL: SELECT COUNT(*) AS tp_count FROM `wt_login` WHERE `nickname` = '11' LIMIT 1   [ RunTime:0.0007s ]
INFO: [ app_end ] --START--
INFO: Run Behavior\ShowPageTraceBehavior [ RunTime:0.001484s ]
INFO: [ app_end ] --END-- [ RunTime:0.001574s ]

[ 2016-05-14T20:34:13+08:00 ] ::1 /watermelon/index.php/Login/nickname_check.html?nickname=11
INFO: [ app_begin ] --START--
INFO: Run Behavior\ReadHtmlCacheBehavior [ RunTime:0.000511s ]
INFO: [ app_begin ] --END-- [ RunTime:0.000921s ]
SQL: SHOW COLUMNS FROM `wt_login` [ RunTime:0.1283s ]
SQL: SELECT COUNT(*) AS tp_count FROM `wt_login` WHERE `nickname` = '11' LIMIT 1   [ RunTime:0.0005s ]
INFO: [ app_end ] --START--
INFO: Run Behavior\ShowPageTraceBehavior [ RunTime:0.000899s ]
INFO: [ app_end ] --END-- [ RunTime:0.000952s ]

[ 2016-05-14T20:34:17+08:00 ] ::1 /watermelon/index.php/Login/nickname_check.html?nickname=11
INFO: [ app_begin ] --START--
INFO: Run Behavior\ReadHtmlCacheBehavior [ RunTime:0.000498s ]
INFO: [ app_begin ] --END-- [ RunTime:0.000857s ]
SQL: SHOW COLUMNS FROM `wt_login` [ RunTime:0.0059s ]
SQL: SELECT COUNT(*) AS tp_count FROM `wt_login` WHERE `nickname` = '11' LIMIT 1   [ RunTime:0.0004s ]
INFO: [ app_end ] --START--
INFO: Run Behavior\ShowPageTraceBehavior [ RunTime:0.001031s ]
INFO: [ app_end ] --END-- [ RunTime:0.001100s ]

[ 2016-05-14T20:34:20+08:00 ] ::1 /watermelon/index.php/Login/nickname_check.html?nickname=11
INFO: [ app_begin ] --START--
INFO: Run Behavior\ReadHtmlCacheBehavior [ RunTime:0.000542s ]
INFO: [ app_begin ] --END-- [ RunTime:0.000988s ]
SQL: SHOW COLUMNS FROM `wt_login` [ RunTime:0.0118s ]
SQL: SELECT COUNT(*) AS tp_count FROM `wt_login` WHERE `nickname` = '11' LIMIT 1   [ RunTime:0.0004s ]
INFO: [ app_end ] --START--
INFO: Run Behavior\ShowPageTraceBehavior [ RunTime:0.000813s ]
INFO: [ app_end ] --END-- [ RunTime:0.000871s ]

[ 2016-05-14T20:34:25+08:00 ] ::1 /watermelon/index.php/Login/nickname_check.html?nickname=%E8%B4%A6%E5%8F%B71
INFO: [ app_begin ] --START--
INFO: Run Behavior\ReadHtmlCacheBehavior [ RunTime:0.000796s ]
INFO: [ app_begin ] --END-- [ RunTime:0.001403s ]
SQL: SHOW COLUMNS FROM `wt_login` [ RunTime:0.0179s ]
SQL: SELECT COUNT(*) AS tp_count FROM `wt_login` WHERE `nickname` = '账号1' LIMIT 1   [ RunTime:0.0007s ]
INFO: [ app_end ] --START--
INFO: Run Behavior\ShowPageTraceBehavior [ RunTime:0.000906s ]
INFO: [ app_end ] --END-- [ RunTime:0.000975s ]

[ 2016-05-14T20:34:28+08:00 ] ::1 /watermelon/index.php/Login/nickname_check.html?nickname=%E8%B4%A6%E5%8F%B71
INFO: [ app_begin ] --START--
INFO: Run Behavior\ReadHtmlCacheBehavior [ RunTime:0.000791s ]
INFO: [ app_begin ] --END-- [ RunTime:0.001399s ]
SQL: SHOW COLUMNS FROM `wt_login` [ RunTime:0.0109s ]
SQL: SELECT COUNT(*) AS tp_count FROM `wt_login` WHERE `nickname` = '账号1' LIMIT 1   [ RunTime:0.0007s ]
INFO: [ app_end ] --START--
INFO: Run Behavior\ShowPageTraceBehavior [ RunTime:0.001502s ]
INFO: [ app_end ] --END-- [ RunTime:0.001592s ]

[ 2016-05-14T20:34:29+08:00 ] ::1 /watermelon/index.php/Login/nickname_check.html?nickname=%E8%B4%A6%E5%8F%B7
INFO: [ app_begin ] --START--
INFO: Run Behavior\ReadHtmlCacheBehavior [ RunTime:0.000507s ]
INFO: [ app_begin ] --END-- [ RunTime:0.000930s ]
SQL: SHOW COLUMNS FROM `wt_login` [ RunTime:0.0102s ]
SQL: SELECT COUNT(*) AS tp_count FROM `wt_login` WHERE `nickname` = '账号' LIMIT 1   [ RunTime:0.0007s ]
INFO: [ app_end ] --START--
INFO: Run Behavior\ShowPageTraceBehavior [ RunTime:0.001592s ]
INFO: [ app_end ] --END-- [ RunTime:0.001724s ]

[ 2016-05-14T20:34:32+08:00 ] ::1 /watermelon/index.php/Login/nickname_check.html?nickname=%E8%B4%A6%E5%8F%B7
INFO: [ app_begin ] --START--
INFO: Run Behavior\ReadHtmlCacheBehavior [ RunTime:0.000626s ]
INFO: [ app_begin ] --END-- [ RunTime:0.001104s ]
SQL: SHOW COLUMNS FROM `wt_login` [ RunTime:0.0141s ]
SQL: SELECT COUNT(*) AS tp_count FROM `wt_login` WHERE `nickname` = '账号' LIMIT 1   [ RunTime:0.0010s ]
INFO: [ app_end ] --START--
INFO: Run Behavior\ShowPageTraceBehavior [ RunTime:0.002268s ]
INFO: [ app_end ] --END-- [ RunTime:0.002411s ]

[ 2016-05-14T20:34:43+08:00 ] ::1 /watermelon/index.php/Login/nickname_check.html?nickname=%E4%B9%B0%E4%BA%86
INFO: [ app_begin ] --START--
INFO: Run Behavior\ReadHtmlCacheBehavior [ RunTime:0.000511s ]
INFO: [ app_begin ] --END-- [ RunTime:0.000906s ]
SQL: SHOW COLUMNS FROM `wt_login` [ RunTime:0.0113s ]
SQL: SELECT COUNT(*) AS tp_count FROM `wt_login` WHERE `nickname` = '买了' LIMIT 1   [ RunTime:0.0007s ]
INFO: [ app_end ] --START--
INFO: Run Behavior\ShowPageTraceBehavior [ RunTime:0.001495s ]
INFO: [ app_end ] --END-- [ RunTime:0.001597s ]

[ 2016-05-14T20:34:46+08:00 ] ::1 /watermelon/index.php/Login/nickname_check.html?nickname=%E9%BA%A6%E4%B9%90
INFO: [ app_begin ] --START--
INFO: Run Behavior\ReadHtmlCacheBehavior [ RunTime:0.001049s ]
INFO: [ app_begin ] --END-- [ RunTime:0.001694s ]
SQL: SHOW COLUMNS FROM `wt_login` [ RunTime:0.0070s ]
SQL: SELECT COUNT(*) AS tp_count FROM `wt_login` WHERE `nickname` = '麦乐' LIMIT 1   [ RunTime:0.0005s ]
INFO: [ app_end ] --START--
INFO: Run Behavior\ShowPageTraceBehavior [ RunTime:0.000988s ]
INFO: [ app_end ] --END-- [ RunTime:0.001048s ]

[ 2016-05-14T20:34:53+08:00 ] ::1 /watermelon/index.php/Login/check_verify.html
INFO: [ app_begin ] --START--
INFO: Run Behavior\ReadHtmlCacheBehavior [ RunTime:0.001120s ]
INFO: [ app_begin ] --END-- [ RunTime:0.001832s ]
INFO: [ app_end ] --START--
INFO: Run Behavior\ShowPageTraceBehavior [ RunTime:0.000841s ]
INFO: [ app_end ] --END-- [ RunTime:0.000909s ]

[ 2016-05-14T20:34:56+08:00 ] ::1 /watermelon/index.php/Login/check_verify.html
INFO: [ app_begin ] --START--
INFO: Run Behavior\ReadHtmlCacheBehavior [ RunTime:0.000660s ]
INFO: [ app_begin ] --END-- [ RunTime:0.001268s ]
INFO: [ app_end ] --START--
INFO: Run Behavior\ShowPageTraceBehavior [ RunTime:0.000601s ]
INFO: [ app_end ] --END-- [ RunTime:0.000652s ]

[ 2016-05-14T20:35:05+08:00 ] ::1 /watermelon/index.php/Login/check_verify.html
INFO: [ app_begin ] --START--
INFO: Run Behavior\ReadHtmlCacheBehavior [ RunTime:0.000790s ]
INFO: [ app_begin ] --END-- [ RunTime:0.001348s ]
INFO: [ app_end ] --START--
INFO: Run Behavior\ShowPageTraceBehavior [ RunTime:0.000846s ]
INFO: [ app_end ] --END-- [ RunTime:0.000927s ]

[ 2016-05-14T20:35:35+08:00 ] ::1 /watermelon/index.php/Login/check.html
INFO: [ app_begin ] --START--
INFO: Run Behavior\ReadHtmlCacheBehavior [ RunTime:0.000510s ]
INFO: [ app_begin ] --END-- [ RunTime:0.000898s ]
SQL: SHOW COLUMNS FROM `wt_login` [ RunTime:0.0136s ]
SQL: SELECT COUNT(*) AS tp_count FROM `wt_login` WHERE `tel` = '18380441225' LIMIT 1   [ RunTime:0.0006s ]
INFO: [ app_end ] --START--
INFO: Run Behavior\ShowPageTraceBehavior [ RunTime:0.001455s ]
INFO: [ app_end ] --END-- [ RunTime:0.001549s ]

[ 2016-05-14T20:35:38+08:00 ] ::1 /watermelon/index.php/Login/nickname_check.html?nickname=yangcan
INFO: [ app_begin ] --START--
INFO: Run Behavior\ReadHtmlCacheBehavior [ RunTime:0.000560s ]
INFO: [ app_begin ] --END-- [ RunTime:0.000978s ]
SQL: SHOW COLUMNS FROM `wt_login` [ RunTime:0.0092s ]
SQL: SELECT COUNT(*) AS tp_count FROM `wt_login` WHERE `nickname` = 'yangcan' LIMIT 1   [ RunTime:0.0004s ]
INFO: [ app_end ] --START--
INFO: Run Behavior\ShowPageTraceBehavior [ RunTime:0.000891s ]
INFO: [ app_end ] --END-- [ RunTime:0.000951s ]

[ 2016-05-14T20:35:41+08:00 ] ::1 /watermelon/index.php/Login/nickname_check.html?nickname=%E9%BA%A6%E4%B9%90
INFO: [ app_begin ] --START--
INFO: Run Behavior\ReadHtmlCacheBehavior [ RunTime:0.000681s ]
INFO: [ app_begin ] --END-- [ RunTime:0.001082s ]
SQL: SHOW COLUMNS FROM `wt_login` [ RunTime:0.0058s ]
SQL: SELECT COUNT(*) AS tp_count FROM `wt_login` WHERE `nickname` = '麦乐' LIMIT 1   [ RunTime:0.0005s ]
INFO: [ app_end ] --START--
INFO: Run Behavior\ShowPageTraceBehavior [ RunTime:0.000996s ]
INFO: [ app_end ] --END-- [ RunTime:0.001052s ]

[ 2016-05-14T20:35:47+08:00 ] ::1 /watermelon/index.php/Login/check_verify.html
INFO: [ app_begin ] --START--
INFO: Run Behavior\ReadHtmlCacheBehavior [ RunTime:0.000780s ]
INFO: [ app_begin ] --END-- [ RunTime:0.001409s ]
INFO: [ app_end ] --START--
INFO: Run Behavior\ShowPageTraceBehavior [ RunTime:0.000765s ]
INFO: [ app_end ] --END-- [ RunTime:0.000834s ]

[ 2016-05-14T20:35:51+08:00 ] ::1 /watermelon/index.php/Login/check_verify.html
INFO: [ app_begin ] --START--
INFO: Run Behavior\ReadHtmlCacheBehavior [ RunTime:0.000542s ]
INFO: [ app_begin ] --END-- [ RunTime:0.000980s ]
INFO: [ app_end ] --START--
INFO: Run Behavior\ShowPageTraceBehavior [ RunTime:0.000498s ]
INFO: [ app_end ] --END-- [ RunTime:0.000547s ]

[ 2016-05-14T20:36:39+08:00 ] ::1 /watermelon/index.php/Login/check.html
INFO: [ app_begin ] --START--
INFO: Run Behavior\ReadHtmlCacheBehavior [ RunTime:0.000752s ]
INFO: [ app_begin ] --END-- [ RunTime:0.001319s ]
SQL: SHOW COLUMNS FROM `wt_login` [ RunTime:0.0152s ]
SQL: SELECT COUNT(*) AS tp_count FROM `wt_login` WHERE `tel` = '18380441225' LIMIT 1   [ RunTime:0.0007s ]
INFO: [ app_end ] --START--
INFO: Run Behavior\ShowPageTraceBehavior [ RunTime:0.001857s ]
INFO: [ app_end ] --END-- [ RunTime:0.002000s ]

[ 2016-05-14T20:36:43+08:00 ] ::1 /watermelon/index.php/Login/nickname_check.html?nickname=%E9%BA%A6%E4%B9%90
INFO: [ app_begin ] --START--
INFO: Run Behavior\ReadHtmlCacheBehavior [ RunTime:0.000594s ]
INFO: [ app_begin ] --END-- [ RunTime:0.001123s ]
SQL: SHOW COLUMNS FROM `wt_login` [ RunTime:0.0478s ]
SQL: SELECT COUNT(*) AS tp_count FROM `wt_login` WHERE `nickname` = '麦乐' LIMIT 1   [ RunTime:0.0007s ]
INFO: [ app_end ] --START--
INFO: Run Behavior\ShowPageTraceBehavior [ RunTime:0.001454s ]
INFO: [ app_end ] --END-- [ RunTime:0.001556s ]

[ 2016-05-14T20:36:48+08:00 ] ::1 /watermelon/index.php/Login/check_verify.html
INFO: [ app_begin ] --START--
INFO: Run Behavior\ReadHtmlCacheBehavior [ RunTime:0.000722s ]
INFO: [ app_begin ] --END-- [ RunTime:0.001298s ]
INFO: [ app_end ] --START--
INFO: Run Behavior\ShowPageTraceBehavior [ RunTime:0.000651s ]
INFO: [ app_end ] --END-- [ RunTime:0.000704s ]

[ 2016-05-14T20:38:34+08:00 ] ::1 /watermelon/index.php/Login/check.html
INFO: [ app_begin ] --START--
INFO: Run Behavior\ReadHtmlCacheBehavior [ RunTime:0.001098s ]
INFO: [ app_begin ] --END-- [ RunTime:0.002131s ]
SQL: SHOW COLUMNS FROM `wt_login` [ RunTime:0.0134s ]
SQL: SELECT COUNT(*) AS tp_count FROM `wt_login` WHERE `tel` = '18380441225' LIMIT 1   [ RunTime:0.0007s ]
INFO: [ app_end ] --START--
INFO: Run Behavior\ShowPageTraceBehavior [ RunTime:0.001982s ]
INFO: [ app_end ] --END-- [ RunTime:0.002112s ]

[ 2016-05-14T20:38:34+08:00 ] ::1 /watermelon/index.php/Login/forget_user.html
INFO: [ app_begin ] --START--
INFO: Run Behavior\ReadHtmlCacheBehavior [ RunTime:0.000514s ]
INFO: [ app_begin ] --END-- [ RunTime:0.000929s ]
INFO: [ app_end ] --START--
INFO: Run Behavior\ShowPageTraceBehavior [ RunTime:0.000521s ]
INFO: [ app_end ] --END-- [ RunTime:0.000566s ]

[ 2016-05-14T20:38:36+08:00 ] ::1 /watermelon/index.php/Login/check_verify.html
INFO: [ app_begin ] --START--
INFO: Run Behavior\ReadHtmlCacheBehavior [ RunTime:0.000632s ]
INFO: [ app_begin ] --END-- [ RunTime:0.001133s ]
INFO: [ app_end ] --START--
INFO: Run Behavior\ShowPageTraceBehavior [ RunTime:0.000626s ]
INFO: [ app_end ] --END-- [ RunTime:0.000673s ]

[ 2016-05-14T20:40:15+08:00 ] ::1 /watermelon/index.php/Service/checkSMS.html
INFO: [ app_begin ] --START--
INFO: Run Behavior\ReadHtmlCacheBehavior [ RunTime:0.001019s ]
INFO: [ app_begin ] --END-- [ RunTime:0.002440s ]
ERR: 无法加载控制器:Service

[ 2016-05-14T20:40:29+08:00 ] ::1 /watermelon/index.php/Login/check.html
INFO: [ app_begin ] --START--
INFO: Run Behavior\ReadHtmlCacheBehavior [ RunTime:0.000594s ]
INFO: [ app_begin ] --END-- [ RunTime:0.001035s ]
SQL: SHOW COLUMNS FROM `wt_login` [ RunTime:0.0099s ]
SQL: SELECT COUNT(*) AS tp_count FROM `wt_login` WHERE `tel` = '18380441225' LIMIT 1   [ RunTime:0.0005s ]
INFO: [ app_end ] --START--
INFO: Run Behavior\ShowPageTraceBehavior [ RunTime:0.000928s ]
INFO: [ app_end ] --END-- [ RunTime:0.000984s ]

[ 2016-05-14T20:40:29+08:00 ] ::1 /watermelon/index.php/Login/forget_user.html
INFO: [ app_begin ] --START--
INFO: Run Behavior\ReadHtmlCacheBehavior [ RunTime:0.000567s ]
INFO: [ app_begin ] --END-- [ RunTime:0.001075s ]
INFO: [ app_end ] --START--
INFO: Run Behavior\ShowPageTraceBehavior [ RunTime:0.000688s ]
INFO: [ app_end ] --END-- [ RunTime:0.000739s ]

[ 2016-05-14T20:40:42+08:00 ] ::1 /watermelon/index.php/Service/checkSMS.html
INFO: [ app_begin ] --START--
INFO: Run Behavior\ReadHtmlCacheBehavior [ RunTime:0.000695s ]
INFO: [ app_begin ] --END-- [ RunTime:0.001262s ]
ERR: 无法加载控制器:Service

