[ 2016-07-04T17:09:50+08:00 ] ::1 /watermelon/index.php/Infomation/loading.html?page=2
INFO: [ app_begin ] --START--
INFO: Run Behavior\ReadHtmlCacheBehavior [ RunTime:0.001399s ]
INFO: [ app_begin ] --END-- [ RunTime:0.002385s ]
SQL: SHOW COLUMNS FROM `wt_infomation` [ RunTime:0.0114s ]
SQL: SELECT COUNT(*) AS tp_count FROM `wt_infomation` WHERE ( state = 1 ) LIMIT 1   [ RunTime:0.0008s ]
SQL: SELECT `id`,`image`,`title`,`browse`,`comment_count`,`contributor`,`publish_time`,`image_thumb` FROM `wt_infomation` WHERE ( state=0 ) ORDER BY publish_time desc LIMIT 11,10   [ RunTime:0.0011s ]
SQL: SHOW COLUMNS FROM `wt_login` [ RunTime:0.0094s ]
SQL: SELECT `id`,`icon`,`nickname` FROM `wt_login` WHERE ( 1=1 AND id='25' ) LIMIT 1   [ RunTime:0.0004s ]
SQL: SELECT `id`,`icon`,`nickname` FROM `wt_login` WHERE ( 1=1 AND id='8' ) LIMIT 1   [ RunTime:0.0003s ]
SQL: SELECT `id`,`icon`,`nickname` FROM `wt_login` WHERE ( 1=1 AND id='19' ) LIMIT 1   [ RunTime:0.0003s ]
SQL: SELECT `id`,`icon`,`nickname` FROM `wt_login` WHERE ( 1=1 AND id='2' ) LIMIT 1   [ RunTime:0.0003s ]
SQL: SELECT `id`,`icon`,`nickname` FROM `wt_login` WHERE ( 1=1 AND id='20' ) LIMIT 1   [ RunTime:0.0003s ]
SQL: SELECT `id`,`icon`,`nickname` FROM `wt_login` WHERE ( 1=1 AND id='2' ) LIMIT 1   [ RunTime:0.0003s ]
SQL: SELECT `id`,`icon`,`nickname` FROM `wt_login` WHERE ( 1=1 AND id='9' ) LIMIT 1   [ RunTime:0.0003s ]
SQL: SELECT `id`,`icon`,`nickname` FROM `wt_login` WHERE ( 1=1 AND id='2' ) LIMIT 1   [ RunTime:0.0003s ]
SQL: SELECT `id`,`icon`,`nickname` FROM `wt_login` WHERE ( 1=1 AND id='10' ) LIMIT 1   [ RunTime:0.0003s ]
SQL: SELECT `id`,`icon`,`nickname` FROM `wt_login` WHERE ( 1=1 AND id='10' ) LIMIT 1   [ RunTime:0.0003s ]

[ 2016-07-04T17:09:55+08:00 ] ::1 /watermelon/index.php/Infomation/loading.html?page=3
INFO: [ app_begin ] --START--
INFO: Run Behavior\ReadHtmlCacheBehavior [ RunTime:0.000638s ]
INFO: [ app_begin ] --END-- [ RunTime:0.001134s ]
SQL: SHOW COLUMNS FROM `wt_infomation` [ RunTime:0.0107s ]
SQL: SELECT COUNT(*) AS tp_count FROM `wt_infomation` WHERE ( state = 1 ) LIMIT 1   [ RunTime:0.0009s ]
SQL: SELECT `id`,`image`,`title`,`browse`,`comment_count`,`contributor`,`publish_time`,`image_thumb` FROM `wt_infomation` WHERE ( state=0 ) ORDER BY publish_time desc LIMIT 21,10   [ RunTime:0.0022s ]
SQL: SHOW COLUMNS FROM `wt_login` [ RunTime:0.0106s ]
SQL: SELECT `id`,`icon`,`nickname` FROM `wt_login` WHERE ( 1=1 AND id='16' ) LIMIT 1   [ RunTime:0.0007s ]
SQL: SELECT `id`,`icon`,`nickname` FROM `wt_login` WHERE ( 1=1 AND id='27' ) LIMIT 1   [ RunTime:0.0007s ]
SQL: SELECT `id`,`icon`,`nickname` FROM `wt_login` WHERE ( 1=1 AND id='27' ) LIMIT 1   [ RunTime:0.0007s ]
SQL: SELECT `id`,`icon`,`nickname` FROM `wt_login` WHERE ( 1=1 AND id='30' ) LIMIT 1   [ RunTime:0.0007s ]
SQL: SELECT `id`,`icon`,`nickname` FROM `wt_login` WHERE ( 1=1 AND id='11' ) LIMIT 1   [ RunTime:0.0005s ]
SQL: SELECT `id`,`icon`,`nickname` FROM `wt_login` WHERE ( 1=1 AND id='27' ) LIMIT 1   [ RunTime:0.0006s ]
SQL: SELECT `id`,`icon`,`nickname` FROM `wt_login` WHERE ( 1=1 AND id='7' ) LIMIT 1   [ RunTime:0.0006s ]
SQL: SELECT `id`,`icon`,`nickname` FROM `wt_login` WHERE ( 1=1 AND id='25' ) LIMIT 1   [ RunTime:0.0006s ]
SQL: SELECT `id`,`icon`,`nickname` FROM `wt_login` WHERE ( 1=1 AND id='27' ) LIMIT 1   [ RunTime:0.0005s ]
SQL: SELECT `id`,`icon`,`nickname` FROM `wt_login` WHERE ( 1=1 AND id='24' ) LIMIT 1   [ RunTime:0.0005s ]

[ 2016-07-04T17:10:00+08:00 ] ::1 /watermelon/index.php/Infomation/loading.html?page=4
INFO: [ app_begin ] --START--
INFO: Run Behavior\ReadHtmlCacheBehavior [ RunTime:0.000607s ]
INFO: [ app_begin ] --END-- [ RunTime:0.001100s ]
SQL: SHOW COLUMNS FROM `wt_infomation` [ RunTime:0.0360s ]
SQL: SELECT COUNT(*) AS tp_count FROM `wt_infomation` WHERE ( state = 1 ) LIMIT 1   [ RunTime:0.0004s ]
SQL: SELECT `id`,`image`,`title`,`browse`,`comment_count`,`contributor`,`publish_time`,`image_thumb` FROM `wt_infomation` WHERE ( state=0 ) ORDER BY publish_time desc LIMIT 31,10   [ RunTime:0.0007s ]
SQL: SHOW COLUMNS FROM `wt_login` [ RunTime:0.0432s ]
SQL: SELECT `id`,`icon`,`nickname` FROM `wt_login` WHERE ( 1=1 AND id='14' ) LIMIT 1   [ RunTime:0.0006s ]
SQL: SELECT `id`,`icon`,`nickname` FROM `wt_login` WHERE ( 1=1 AND id='6' ) LIMIT 1   [ RunTime:0.0006s ]
SQL: SELECT `id`,`icon`,`nickname` FROM `wt_login` WHERE ( 1=1 AND id='19' ) LIMIT 1   [ RunTime:0.0006s ]
SQL: SELECT `id`,`icon`,`nickname` FROM `wt_login` WHERE ( 1=1 AND id='25' ) LIMIT 1   [ RunTime:0.0005s ]
SQL: SELECT `id`,`icon`,`nickname` FROM `wt_login` WHERE ( 1=1 AND id='1' ) LIMIT 1   [ RunTime:0.0005s ]
SQL: SELECT `id`,`icon`,`nickname` FROM `wt_login` WHERE ( 1=1 AND id='1' ) LIMIT 1   [ RunTime:0.0005s ]
SQL: SELECT `id`,`icon`,`nickname` FROM `wt_login` WHERE ( 1=1 AND id='15' ) LIMIT 1   [ RunTime:0.0006s ]
SQL: SELECT `id`,`icon`,`nickname` FROM `wt_login` WHERE ( 1=1 AND id='27' ) LIMIT 1   [ RunTime:0.0006s ]
SQL: SELECT `id`,`icon`,`nickname` FROM `wt_login` WHERE ( 1=1 AND id='29' ) LIMIT 1   [ RunTime:0.0006s ]
SQL: SELECT `id`,`icon`,`nickname` FROM `wt_login` WHERE ( 1=1 AND id='23' ) LIMIT 1   [ RunTime:0.0005s ]

[ 2016-07-04T17:10:04+08:00 ] ::1 /watermelon/index.php/Infomation/loading.html?page=5
INFO: [ app_begin ] --START--
INFO: Run Behavior\ReadHtmlCacheBehavior [ RunTime:0.001143s ]
INFO: [ app_begin ] --END-- [ RunTime:0.001743s ]
SQL: SHOW COLUMNS FROM `wt_infomation` [ RunTime:0.0064s ]
SQL: SELECT COUNT(*) AS tp_count FROM `wt_infomation` WHERE ( state = 1 ) LIMIT 1   [ RunTime:0.0005s ]
SQL: SELECT `id`,`image`,`title`,`browse`,`comment_count`,`contributor`,`publish_time`,`image_thumb` FROM `wt_infomation` WHERE ( state=0 ) ORDER BY publish_time desc LIMIT 41,10   [ RunTime:0.0009s ]
SQL: SHOW COLUMNS FROM `wt_login` [ RunTime:0.0063s ]
SQL: SELECT `id`,`icon`,`nickname` FROM `wt_login` WHERE ( 1=1 AND id='26' ) LIMIT 1   [ RunTime:0.0004s ]
SQL: SELECT `id`,`icon`,`nickname` FROM `wt_login` WHERE ( 1=1 AND id='1' ) LIMIT 1   [ RunTime:0.0003s ]
SQL: SELECT `id`,`icon`,`nickname` FROM `wt_login` WHERE ( 1=1 AND id='17' ) LIMIT 1   [ RunTime:0.0003s ]
SQL: SELECT `id`,`icon`,`nickname` FROM `wt_login` WHERE ( 1=1 AND id='25' ) LIMIT 1   [ RunTime:0.0003s ]
SQL: SELECT `id`,`icon`,`nickname` FROM `wt_login` WHERE ( 1=1 AND id='1' ) LIMIT 1   [ RunTime:0.0003s ]
SQL: SELECT `id`,`icon`,`nickname` FROM `wt_login` WHERE ( 1=1 AND id='5' ) LIMIT 1   [ RunTime:0.0003s ]
SQL: SELECT `id`,`icon`,`nickname` FROM `wt_login` WHERE ( 1=1 AND id='15' ) LIMIT 1   [ RunTime:0.0003s ]
SQL: SELECT `id`,`icon`,`nickname` FROM `wt_login` WHERE ( 1=1 AND id='6' ) LIMIT 1   [ RunTime:0.0003s ]
SQL: SELECT `id`,`icon`,`nickname` FROM `wt_login` WHERE ( 1=1 AND id='1' ) LIMIT 1   [ RunTime:0.0003s ]
SQL: SELECT `id`,`icon`,`nickname` FROM `wt_login` WHERE ( 1=1 AND id='27' ) LIMIT 1   [ RunTime:0.0003s ]

[ 2016-07-04T17:10:48+08:00 ] ::1 /watermelon/index.php/Comment/loading.html?page=2&id=3&type=2
INFO: [ app_begin ] --START--
INFO: Run Behavior\ReadHtmlCacheBehavior [ RunTime:0.000850s ]
INFO: [ app_begin ] --END-- [ RunTime:0.001559s ]
SQL: SHOW COLUMNS FROM `wt_comment` [ RunTime:0.0043s ]
SQL: SHOW COLUMNS FROM `wt_comment` [ RunTime:0.0044s ]
SQL: SELECT c.id id,c.time time,c.content content,s.icon sender_icon,s.nickname sender_nickname,s.id sender_id,r.nickname receiver_nickname,r.id receiver_id FROM wt_comment c left JOIN wt_login s on s.id = c.sender left JOIN wt_login r on r.id = c.receiver  WHERE ( c.type = 2 and c.other_id = 3 ) ORDER BY time desc LIMIT 4,4   [ RunTime:0.0006s ]

[ 2016-07-04T17:10:50+08:00 ] ::1 /watermelon/index.php/Comment/loading.html?page=3&id=3&type=2
INFO: [ app_begin ] --START--
INFO: Run Behavior\ReadHtmlCacheBehavior [ RunTime:0.000764s ]
INFO: [ app_begin ] --END-- [ RunTime:0.001238s ]
SQL: SHOW COLUMNS FROM `wt_comment` [ RunTime:0.0099s ]
SQL: SHOW COLUMNS FROM `wt_comment` [ RunTime:0.0108s ]
SQL: SELECT c.id id,c.time time,c.content content,s.icon sender_icon,s.nickname sender_nickname,s.id sender_id,r.nickname receiver_nickname,r.id receiver_id FROM wt_comment c left JOIN wt_login s on s.id = c.sender left JOIN wt_login r on r.id = c.receiver  WHERE ( c.type = 2 and c.other_id = 3 ) ORDER BY time desc LIMIT 8,4   [ RunTime:0.0015s ]

[ 2016-07-04T17:10:53+08:00 ] ::1 /watermelon/index.php/Comment/loading.html?page=4&id=3&type=2
INFO: [ app_begin ] --START--
INFO: Run Behavior\ReadHtmlCacheBehavior [ RunTime:0.000563s ]
INFO: [ app_begin ] --END-- [ RunTime:0.000993s ]
SQL: SHOW COLUMNS FROM `wt_comment` [ RunTime:0.0065s ]
SQL: SHOW COLUMNS FROM `wt_comment` [ RunTime:0.0069s ]
SQL: SELECT c.id id,c.time time,c.content content,s.icon sender_icon,s.nickname sender_nickname,s.id sender_id,r.nickname receiver_nickname,r.id receiver_id FROM wt_comment c left JOIN wt_login s on s.id = c.sender left JOIN wt_login r on r.id = c.receiver  WHERE ( c.type = 2 and c.other_id = 3 ) ORDER BY time desc LIMIT 12,4   [ RunTime:0.0011s ]

[ 2016-07-04T17:10:55+08:00 ] ::1 /watermelon/index.php/Comment/loading.html?page=5&id=3&type=2
INFO: [ app_begin ] --START--
INFO: Run Behavior\ReadHtmlCacheBehavior [ RunTime:0.000854s ]
INFO: [ app_begin ] --END-- [ RunTime:0.001387s ]
SQL: SHOW COLUMNS FROM `wt_comment` [ RunTime:0.0097s ]
SQL: SHOW COLUMNS FROM `wt_comment` [ RunTime:0.0120s ]
SQL: SELECT c.id id,c.time time,c.content content,s.icon sender_icon,s.nickname sender_nickname,s.id sender_id,r.nickname receiver_nickname,r.id receiver_id FROM wt_comment c left JOIN wt_login s on s.id = c.sender left JOIN wt_login r on r.id = c.receiver  WHERE ( c.type = 2 and c.other_id = 3 ) ORDER BY time desc LIMIT 16,4   [ RunTime:0.0015s ]

[ 2016-07-04T17:11:01+08:00 ] ::1 /watermelon/index.php/Comment/addComment.html
INFO: [ app_begin ] --START--
INFO: Run Behavior\ReadHtmlCacheBehavior [ RunTime:0.000657s ]
INFO: [ app_begin ] --END-- [ RunTime:0.002005s ]

[ 2016-07-04T17:11:05+08:00 ] ::1 /watermelon/index.php/Comment/addComment.html
INFO: [ app_begin ] --START--
INFO: Run Behavior\ReadHtmlCacheBehavior [ RunTime:0.000624s ]
INFO: [ app_begin ] --END-- [ RunTime:0.001147s ]

[ 2016-07-04T17:11:15+08:00 ] ::1 /watermelon/index.php/Comment/addComment.html
INFO: [ app_begin ] --START--
INFO: Run Behavior\ReadHtmlCacheBehavior [ RunTime:0.000714s ]
INFO: [ app_begin ] --END-- [ RunTime:0.001990s ]

[ 2016-07-04T17:11:28+08:00 ] ::1 /watermelon/index.php/Comment/addComment.html
INFO: [ app_begin ] --START--
INFO: Run Behavior\ReadHtmlCacheBehavior [ RunTime:0.000929s ]
INFO: [ app_begin ] --END-- [ RunTime:0.001685s ]

[ 2016-07-04T17:11:29+08:00 ] ::1 /watermelon/index.php/Comment/addComment.html
INFO: [ app_begin ] --START--
INFO: Run Behavior\ReadHtmlCacheBehavior [ RunTime:0.000583s ]
INFO: [ app_begin ] --END-- [ RunTime:0.001087s ]

[ 2016-07-04T17:11:29+08:00 ] ::1 /watermelon/index.php/Comment/addComment.html
INFO: [ app_begin ] --START--
INFO: Run Behavior\ReadHtmlCacheBehavior [ RunTime:0.000805s ]
INFO: [ app_begin ] --END-- [ RunTime:0.001526s ]

[ 2016-07-04T17:11:30+08:00 ] ::1 /watermelon/index.php/Comment/addComment.html
INFO: [ app_begin ] --START--
INFO: Run Behavior\ReadHtmlCacheBehavior [ RunTime:0.001234s ]
INFO: [ app_begin ] --END-- [ RunTime:0.001742s ]

[ 2016-07-04T17:11:30+08:00 ] ::1 /watermelon/index.php/Comment/addComment.html
INFO: [ app_begin ] --START--
INFO: Run Behavior\ReadHtmlCacheBehavior [ RunTime:0.000747s ]
INFO: [ app_begin ] --END-- [ RunTime:0.001350s ]

[ 2016-07-04T17:11:30+08:00 ] ::1 /watermelon/index.php/Comment/addComment.html
INFO: [ app_begin ] --START--
INFO: Run Behavior\ReadHtmlCacheBehavior [ RunTime:0.000680s ]
INFO: [ app_begin ] --END-- [ RunTime:0.001138s ]

[ 2016-07-04T17:11:30+08:00 ] ::1 /watermelon/index.php/Comment/addComment.html
INFO: [ app_begin ] --START--
INFO: Run Behavior\ReadHtmlCacheBehavior [ RunTime:0.001362s ]
INFO: [ app_begin ] --END-- [ RunTime:0.002065s ]

[ 2016-07-04T17:11:30+08:00 ] ::1 /watermelon/index.php/Comment/addComment.html
INFO: [ app_begin ] --START--
INFO: Run Behavior\ReadHtmlCacheBehavior [ RunTime:0.001322s ]
INFO: [ app_begin ] --END-- [ RunTime:0.002900s ]

[ 2016-07-04T17:11:31+08:00 ] ::1 /watermelon/index.php/Comment/addComment.html
INFO: [ app_begin ] --START--
INFO: Run Behavior\ReadHtmlCacheBehavior [ RunTime:0.001161s ]
INFO: [ app_begin ] --END-- [ RunTime:0.002345s ]

