[ 2016-05-20T16:27:03+08:00 ] ::1 /watermelon/index.php/u/9
ERR: 无法加载控制器:U

[ 2016-05-20T17:18:56+08:00 ] ::1 /watermelon/index.php/t/68.html
ERR: 1054:Unknown column 'email' in 'field list'
 [ SQL语句 ] : SELECT `id`,`tel`,`nickname`,`icon`,`email` FROM `wt_login` WHERE `id` = 31 LIMIT 1  

[ 2016-05-20T17:26:46+08:00 ] ::1 /watermelon/index.php/u/11
ERR: 无法加载控制器:U

[ 2016-05-20T17:27:32+08:00 ] ::1 /watermelon/index.php/Topic/addTopicUpload
INFO: [ app_begin ] --START--
INFO: Run Behavior\ReadHtmlCacheBehavior [ RunTime:0.000874s ]
INFO: [ app_begin ] --END-- [ RunTime:0.001581s ]
INFO: [ app_end ] --START--
INFO: Run Behavior\ShowPageTraceBehavior [ RunTime:0.002295s ]
INFO: [ app_end ] --END-- [ RunTime:0.002531s ]

[ 2016-05-20T17:27:32+08:00 ] ::1 /watermelon/index.php/Topic/addTopicUpload
INFO: [ app_begin ] --START--
INFO: Run Behavior\ReadHtmlCacheBehavior [ RunTime:0.000623s ]
INFO: [ app_begin ] --END-- [ RunTime:0.001455s ]
INFO: [ app_end ] --START--
INFO: Run Behavior\ShowPageTraceBehavior [ RunTime:0.001502s ]
INFO: [ app_end ] --END-- [ RunTime:0.001607s ]

