[ 2016-06-23T19:17:10+08:00 ] ::1 /watermelon/index.php/Infomation/loading.html?page=2
INFO: [ app_begin ] --START--
INFO: Run Behavior\ReadHtmlCacheBehavior [ RunTime:0.000593s ]
INFO: [ app_begin ] --END-- [ RunTime:0.001047s ]
SQL: SHOW COLUMNS FROM `wt_infomation` [ RunTime:0.0078s ]
SQL: SELECT COUNT(*) AS tp_count FROM `wt_infomation` WHERE ( state = 1 ) LIMIT 1   [ RunTime:0.0008s ]
SQL: SELECT `id`,`image`,`title`,`browse`,`comment_count`,`contributor`,`publish_time`,`image_thumb` FROM `wt_infomation` WHERE ( state=0 ) ORDER BY publish_time desc LIMIT 11,10   [ RunTime:0.0014s ]
SQL: SHOW COLUMNS FROM `wt_login` [ RunTime:0.0078s ]
SQL: SELECT `id`,`icon`,`nickname` FROM `wt_login` WHERE ( 1=1 AND id='25' ) LIMIT 1   [ RunTime:0.0007s ]
SQL: SELECT `id`,`icon`,`nickname` FROM `wt_login` WHERE ( 1=1 AND id='8' ) LIMIT 1   [ RunTime:0.0005s ]
SQL: SELECT `id`,`icon`,`nickname` FROM `wt_login` WHERE ( 1=1 AND id='19' ) LIMIT 1   [ RunTime:0.0005s ]
SQL: SELECT `id`,`icon`,`nickname` FROM `wt_login` WHERE ( 1=1 AND id='2' ) LIMIT 1   [ RunTime:0.0005s ]
SQL: SELECT `id`,`icon`,`nickname` FROM `wt_login` WHERE ( 1=1 AND id='20' ) LIMIT 1   [ RunTime:0.0005s ]
SQL: SELECT `id`,`icon`,`nickname` FROM `wt_login` WHERE ( 1=1 AND id='2' ) LIMIT 1   [ RunTime:0.0004s ]
SQL: SELECT `id`,`icon`,`nickname` FROM `wt_login` WHERE ( 1=1 AND id='9' ) LIMIT 1   [ RunTime:0.0004s ]
SQL: SELECT `id`,`icon`,`nickname` FROM `wt_login` WHERE ( 1=1 AND id='2' ) LIMIT 1   [ RunTime:0.0004s ]
SQL: SELECT `id`,`icon`,`nickname` FROM `wt_login` WHERE ( 1=1 AND id='10' ) LIMIT 1   [ RunTime:0.0004s ]
SQL: SELECT `id`,`icon`,`nickname` FROM `wt_login` WHERE ( 1=1 AND id='10' ) LIMIT 1   [ RunTime:0.0005s ]

[ 2016-06-23T19:17:15+08:00 ] ::1 /watermelon/index.php/Infomation/loading.html?page=3
INFO: [ app_begin ] --START--
INFO: Run Behavior\ReadHtmlCacheBehavior [ RunTime:0.000975s ]
INFO: [ app_begin ] --END-- [ RunTime:0.001692s ]
SQL: SHOW COLUMNS FROM `wt_infomation` [ RunTime:0.0109s ]
SQL: SELECT COUNT(*) AS tp_count FROM `wt_infomation` WHERE ( state = 1 ) LIMIT 1   [ RunTime:0.0004s ]
SQL: SELECT `id`,`image`,`title`,`browse`,`comment_count`,`contributor`,`publish_time`,`image_thumb` FROM `wt_infomation` WHERE ( state=0 ) ORDER BY publish_time desc LIMIT 21,10   [ RunTime:0.0006s ]
SQL: SHOW COLUMNS FROM `wt_login` [ RunTime:0.0661s ]
SQL: SELECT `id`,`icon`,`nickname` FROM `wt_login` WHERE ( 1=1 AND id='16' ) LIMIT 1   [ RunTime:0.0007s ]
SQL: SELECT `id`,`icon`,`nickname` FROM `wt_login` WHERE ( 1=1 AND id='27' ) LIMIT 1   [ RunTime:0.0005s ]
SQL: SELECT `id`,`icon`,`nickname` FROM `wt_login` WHERE ( 1=1 AND id='27' ) LIMIT 1   [ RunTime:0.0005s ]
SQL: SELECT `id`,`icon`,`nickname` FROM `wt_login` WHERE ( 1=1 AND id='30' ) LIMIT 1   [ RunTime:0.0005s ]
SQL: SELECT `id`,`icon`,`nickname` FROM `wt_login` WHERE ( 1=1 AND id='11' ) LIMIT 1   [ RunTime:0.0005s ]
SQL: SELECT `id`,`icon`,`nickname` FROM `wt_login` WHERE ( 1=1 AND id='27' ) LIMIT 1   [ RunTime:0.0004s ]
SQL: SELECT `id`,`icon`,`nickname` FROM `wt_login` WHERE ( 1=1 AND id='7' ) LIMIT 1   [ RunTime:0.0004s ]
SQL: SELECT `id`,`icon`,`nickname` FROM `wt_login` WHERE ( 1=1 AND id='25' ) LIMIT 1   [ RunTime:0.0004s ]
SQL: SELECT `id`,`icon`,`nickname` FROM `wt_login` WHERE ( 1=1 AND id='27' ) LIMIT 1   [ RunTime:0.0005s ]
SQL: SELECT `id`,`icon`,`nickname` FROM `wt_login` WHERE ( 1=1 AND id='24' ) LIMIT 1   [ RunTime:0.0005s ]

