[ 2016-05-17T14:03:56+08:00 ] ::1 /watermelon/index.php/Admin/Message/index.html
ERR: 无法加载控制器:Message

[ 2016-05-17T15:23:49+08:00 ] ::1 /watermelon/index.php/Admin/Topic
ERR: Think\Model:getTypeNameById方法不存在！

[ 2016-05-17T15:25:00+08:00 ] ::1 /watermelon/index.php/Admin/Topic
ERR: Think\Model:getTypeNameById方法不存在！

[ 2016-05-17T15:26:28+08:00 ] ::1 /watermelon/index.php/Admin/Topic
ERR: Think\Model:getTypeNameById方法不存在！

[ 2016-05-17T15:27:04+08:00 ] ::1 /watermelon/index.php/Admin/Topic
ERR: Think\Model:getTypeNameById方法不存在！

[ 2016-05-17T15:27:14+08:00 ] ::1 /watermelon/index.php/Admin/Topic
ERR: Think\Model:getTypeNameById方法不存在！

[ 2016-05-17T15:28:10+08:00 ] ::1 /watermelon/index.php/Admin/Topic
ERR: Think\Model:getTypeNameById方法不存在！

[ 2016-05-17T15:29:46+08:00 ] ::1 /watermelon/index.php/Admin/Topic
ERR: Think\Model:getTypeNameById方法不存在！

[ 2016-05-17T15:30:17+08:00 ] ::1 /watermelon/index.php/Admin/Topic
ERR: Think\Model:TypeNameById方法不存在！

[ 2016-05-17T15:31:16+08:00 ] ::1 /watermelon/index.php/Admin/Topic
ERR: Think\Model:TypeNameById方法不存在！

[ 2016-05-17T15:31:18+08:00 ] ::1 /watermelon/index.php/Admin/Topic
ERR: Think\Model:TypeNameById方法不存在！

[ 2016-05-17T16:00:40+08:00 ] ::1 /watermelon/index.php/Admin/Topic
ERR: 1064:You have an error in your SQL syntax; check the manual that corresponds to your MySQL server version for the right syntax to use near 'desc FROM `wt_topic` LIMIT 0,10' at line 1
 [ SQL语句 ] : SELECT time desc FROM `wt_topic` LIMIT 0,10  

[ 2016-05-17T17:19:16+08:00 ] ::1 /watermelon/index.php/Admin/Topic/index/user_id/2.html
ERR: 1054:Unknown column 'username' in 'field list'
 [ SQL语句 ] : SELECT `id`,`username` FROM `wt_login` WHERE `id` = 2 LIMIT 1  

[ 2016-05-17T17:30:16+08:00 ] ::1 /watermelon/index.php/Admin/Topic/index.html
ERR: Think\Model:getImgByTypeAndId方法不存在！

[ 2016-05-17T17:33:28+08:00 ] ::1 /watermelon/index.php/Admin/Topic/index.html
ERR: Think\Model:getImgByTypeAndId方法不存在！

[ 2016-05-17T17:37:26+08:00 ] ::1 /watermelon/index.php/Admin/Topic/index.html
ERR: 模板不存在:./Application/Admin/View/Home/Widget/TopicImg.html

