[ 2016-05-15T13:35:47+08:00 ] ::1 /watermelon/index.php/Admin
ERR: 1146:Table 'watermelon.cl_browse' doesn't exist
 [ SQL语句 ] : select b.news_id id,n.title,t.type,count(*) pv
 from cl_browse b, cl_news n , cl_type t
 where time >= '2016-05-14 13-35-46' and n.id = b.news_id and n.type = t.id group by news_id order by pv desc limit 0,5

[ 2016-05-15T13:36:35+08:00 ] ::1 /watermelon/index.php/Admin
ERR: 1146:Table 'watermelon.cl_browse' doesn't exist
 [ SQL语句 ] : select b.news_id id,n.title,t.type,count(*) pv
 from cl_browse b, cl_news n , cl_type t
 where time >= '2016-05-14 13-36-34' and n.id = b.news_id and n.type = t.id group by news_id order by pv desc limit 0,5

[ 2016-05-15T13:36:47+08:00 ] ::1 /watermelon/index.php/Admin
ERR: 1146:Table 'watermelon.cl_browse' doesn't exist
 [ SQL语句 ] : select b.news_id id,n.title,t.type,count(*) pv
 from cl_browse b, cl_news n , cl_type t
 where time >= '2016-05-14 13-36-46' and n.id = b.news_id and n.type = t.id group by news_id order by pv desc limit 0,5

[ 2016-05-15T13:36:49+08:00 ] ::1 /watermelon/index.php/Admin
ERR: 1146:Table 'watermelon.cl_browse' doesn't exist
 [ SQL语句 ] : select b.news_id id,n.title,t.type,count(*) pv
 from cl_browse b, cl_news n , cl_type t
 where time >= '2016-05-14 13-36-48' and n.id = b.news_id and n.type = t.id group by news_id order by pv desc limit 0,5

[ 2016-05-15T14:03:01+08:00 ] ::1 /watermelon/index.php/Admin/Infomation/index.html
ERR: 模板不存在:./Application/Admin/View/Infomation/index.html

[ 2016-05-15T14:03:08+08:00 ] ::1 /watermelon/index.php/Admin/Infomation
ERR: 模板不存在:./Application/Admin/View/Infomation/index.html

[ 2016-05-15T14:03:32+08:00 ] ::1 /watermelon/index.php/Admin/Infomation
ERR: 模板不存在:./Application/Admin/View/Infomation/index.html

[ 2016-05-15T14:47:16+08:00 ] ::1 /watermelon/index.php/Admin/Infomation/index.html
ERR: 1054:Unknown column 'intro' in 'field list'
 [ SQL语句 ] : SELECT `id`,`title`,`intro`,`image`,`image_thumb`,`type`,`publish_time`,`contributor`,`state` FROM `wt_infomation` ORDER BY publish_time desc LIMIT 0,10  

[ 2016-05-15T14:47:28+08:00 ] ::1 /watermelon/index.php/Admin/Infomation/index.html
ERR: 1054:Unknown column 'type' in 'field list'
 [ SQL语句 ] : SELECT `id`,`title`,`image`,`image_thumb`,`type`,`publish_time`,`contributor`,`state` FROM `wt_infomation` ORDER BY publish_time desc LIMIT 0,10  

[ 2016-05-15T14:47:37+08:00 ] ::1 /watermelon/index.php/Admin/Infomation/index.html
ERR: 1064:You have an error in your SQL syntax; check the manual that corresponds to your MySQL server version for the right syntax to use near '-10,10' at line 1
 [ SQL语句 ] : SELECT `id`,`title`,`image`,`image_thumb`,`publish_time`,`contributor`,`state` FROM `wt_infomation` ORDER BY publish_time desc LIMIT -10,10  

[ 2016-05-15T15:50:11+08:00 ] ::1 /watermelon/index.php/Admin/Upload/upload.html
NOTIC: [2] call_user_func() expects parameter 1 to be a valid callback, no array or string given D:\WWW\watermelon\ThinkPHP\Library\Think\Upload.class.php 第 170 行.
INFO: [ app_end ] --START--
INFO: Run Behavior\ShowPageTraceBehavior [ RunTime:0.001450s ]
INFO: [ app_end ] --END-- [ RunTime:0.001565s ]

[ 2016-05-15T15:50:21+08:00 ] ::1 /watermelon/index.php/Admin/Upload/upload.html
NOTIC: [2] call_user_func() expects parameter 1 to be a valid callback, no array or string given D:\WWW\watermelon\ThinkPHP\Library\Think\Upload.class.php 第 170 行.
INFO: [ app_end ] --START--
INFO: Run Behavior\ShowPageTraceBehavior [ RunTime:0.000973s ]
INFO: [ app_end ] --END-- [ RunTime:0.001070s ]

[ 2016-05-15T15:51:00+08:00 ] ::1 /watermelon/index.php/Admin/Upload/upload.html
NOTIC: [2] call_user_func() expects parameter 1 to be a valid callback, no array or string given D:\WWW\watermelon\ThinkPHP\Library\Think\Upload.class.php 第 170 行.
INFO: [ app_end ] --START--
INFO: Run Behavior\ShowPageTraceBehavior [ RunTime:0.001098s ]
INFO: [ app_end ] --END-- [ RunTime:0.001208s ]

[ 2016-05-15T15:53:28+08:00 ] ::1 /watermelon/index.php/Admin/Upload/upload.html
NOTIC: [2] call_user_func() expects parameter 1 to be a valid callback, no array or string given D:\WWW\watermelon\ThinkPHP\Library\Think\Upload.class.php 第 170 行.
INFO: [ app_end ] --START--
INFO: Run Behavior\ShowPageTraceBehavior [ RunTime:0.001133s ]
INFO: [ app_end ] --END-- [ RunTime:0.001234s ]

[ 2016-05-15T16:06:01+08:00 ] ::1 /watermelon/index.php/Admin/Upload/upload.html
NOTIC: [2] call_user_func() expects parameter 1 to be a valid callback, no array or string given D:\WWW\watermelon\ThinkPHP\Library\Think\Upload.class.php 第 170 行.
INFO: [ app_end ] --START--
INFO: Run Behavior\ShowPageTraceBehavior [ RunTime:0.000839s ]
INFO: [ app_end ] --END-- [ RunTime:0.000922s ]

[ 2016-05-15T16:06:09+08:00 ] ::1 /watermelon/index.php/Admin/Upload/upload.html
NOTIC: [2] call_user_func() expects parameter 1 to be a valid callback, no array or string given D:\WWW\watermelon\ThinkPHP\Library\Think\Upload.class.php 第 170 行.
INFO: [ app_end ] --START--
INFO: Run Behavior\ShowPageTraceBehavior [ RunTime:0.000780s ]
INFO: [ app_end ] --END-- [ RunTime:0.000861s ]

[ 2016-05-15T16:06:31+08:00 ] ::1 /watermelon/index.php/Admin/Upload/upload.html
NOTIC: [2] call_user_func() expects parameter 1 to be a valid callback, no array or string given D:\WWW\watermelon\ThinkPHP\Library\Think\Upload.class.php 第 170 行.
INFO: [ app_end ] --START--
INFO: Run Behavior\ShowPageTraceBehavior [ RunTime:0.001214s ]
INFO: [ app_end ] --END-- [ RunTime:0.001326s ]

[ 2016-05-15T16:38:48+08:00 ] ::1 /watermelon/index.php/Admin/Upload/upload.html
NOTIC: [2] call_user_func() expects parameter 1 to be a valid callback, no array or string given D:\WWW\watermelon\ThinkPHP\Library\Think\Upload.class.php 第 170 行.
INFO: [ app_end ] --START--
INFO: Run Behavior\ShowPageTraceBehavior [ RunTime:0.000860s ]
INFO: [ app_end ] --END-- [ RunTime:0.000947s ]

[ 2016-05-15T16:39:01+08:00 ] ::1 /watermelon/index.php/Admin/Infomation/save.html
ERR: 1048:Column 'comment_count' cannot be null
 [ SQL语句 ] : INSERT INTO `wt_infomation` (`title`,`content`,`image`,`image_thumb`,`publish_time`,`browse`,`comment_count`,`state`) VALUES ('你知道冷读术吗？','&lt;p&gt;&lt;img class=&quot;fr-dib fr-draggable&quot; src=&quot;http://localhost:9096/watermelon/Data/Upload/infomation/2016-05-15/57383598c818e.jpg&quot; style=&quot;width: 300px;&quot;&gt;&lt;/p&gt;&lt;p&gt;多撒谎的海底暗示返回的沙发&lt;/p&gt;&lt;p&gt;打世界大师级的暗示的as&lt;/p&gt;&lt;p&gt;asdasdas&amp;nbsp;&lt;/p&gt;&lt;p&gt;。&lt;/p&gt;','infomation/573835a58096e.jpg','infomation/thumb_573835a58096e.jpg','2016-05-15 16:39:01','0',NULL,'0')

[ 2016-05-15T16:40:04+08:00 ] ::1 /watermelon/index.php/Admin/Upload/upload.html
NOTIC: [2] call_user_func() expects parameter 1 to be a valid callback, no array or string given D:\WWW\watermelon\ThinkPHP\Library\Think\Upload.class.php 第 170 行.
INFO: [ app_end ] --START--
INFO: Run Behavior\ShowPageTraceBehavior [ RunTime:0.001361s ]
INFO: [ app_end ] --END-- [ RunTime:0.001655s ]

[ 2016-05-15T16:41:08+08:00 ] ::1 /watermelon/index.php/Admin/Infomation/delete/id/63.html
ERR: Think\Model:deleteById方法不存在！

